<?xml version="1.0" encoding="UTF-8"?>
<testsuite name="dslab.transfer.TransferServerProtocolTest" tests="2" skipped="0" failures="0" errors="0" timestamp="2022-12-04T17:51:08" hostname="Jonathans-MacBook-Air.local" time="6.101">
  <properties/>
  <testcase name="defaultDmtpInteractionTest" classname="dslab.transfer.TransferServerProtocolTest" time="3.073"/>
  <testcase name="sendWithoutRecipient_returnsErrorOnSend" classname="dslab.transfer.TransferServerProtocolTest" time="3.027"/>
  <system-out><![CDATA[Exiting the shell, bye!
Exiting the shell, bye!
]]></system-out>
  <system-err><![CDATA[Dec 04, 2022 6:51:08 PM dslab.transfer.TransferServerProtocolTest setUp
INFO: Waiting for server socket to appear
Dec 04, 2022 6:51:08 PM dslab.transfer.TransferServer run
INFO: Server is up!
Dec 04, 2022 6:51:08 PM dslab.mailbox.ClientCommunicator readLine
SEVERE: Connection reset
Dec 04, 2022 6:51:08 PM dslab.transfer.dmtp.DmtpRequestHandler parseSend
INFO: parseSend
Dec 04, 2022 6:51:08 PM dslab.transfer.dmtp.DmtpRequestHandler parseSend
INFO: call MessageDistributer: Email{from='trillian@earth.planet', to='arthur@earth.planet', subject='hello', data='hello from junit', domains='[earth.planet]'}
Dec 04, 2022 6:51:08 PM dslab.transfer.MessageDistributer establishClientConnection
INFO: establishConnection: earth.planet
Dec 04, 2022 6:51:08 PM dslab.mailbox.ClientCommunicator establishConnection
SEVERE: SocketException while handling socket: Socket closed
java.net.ConnectException: Connection refused (Connection refused)
	at java.base/java.net.PlainSocketImpl.socketConnect(Native Method)
	at java.base/java.net.AbstractPlainSocketImpl.doConnect(AbstractPlainSocketImpl.java:399)
	at java.base/java.net.AbstractPlainSocketImpl.connectToAddress(AbstractPlainSocketImpl.java:242)
	at java.base/java.net.AbstractPlainSocketImpl.connect(AbstractPlainSocketImpl.java:224)
	at java.base/java.net.SocksSocketImpl.connect(SocksSocketImpl.java:403)
	at java.base/java.net.Socket.connect(Socket.java:591)
	at java.base/java.net.Socket.connect(Socket.java:540)
	at java.base/java.net.Socket.<init>(Socket.java:436)
	at java.base/java.net.Socket.<init>(Socket.java:213)
	at dslab.transfer.MessageDistributer.establishClientConnection(MessageDistributer.java:114)
	at dslab.transfer.MessageDistributer.forward(MessageDistributer.java:84)
	at dslab.transfer.dmtp.DmtpCommunicationThread.lambda$new$0(DmtpCommunicationThread.java:25)
	at java.base/java.lang.Thread.run(Thread.java:834)
Dec 04, 2022 6:51:08 PM dslab.transfer.MessageDistributer establishClientConnection
INFO: establishConnection: earth.planet
java.net.ConnectException: Connection refused (Connection refused)
	at java.base/java.net.PlainSocketImpl.socketConnect(Native Method)
	at java.base/java.net.AbstractPlainSocketImpl.doConnect(AbstractPlainSocketImpl.java:399)
	at java.base/java.net.AbstractPlainSocketImpl.connectToAddress(AbstractPlainSocketImpl.java:242)
	at java.base/java.net.AbstractPlainSocketImpl.connect(AbstractPlainSocketImpl.java:224)
	at java.base/java.net.SocksSocketImpl.connect(SocksSocketImpl.java:403)
	at java.base/java.net.Socket.connect(Socket.java:591)
	at java.base/java.net.Socket.connect(Socket.java:540)
	at java.base/java.net.Socket.<init>(Socket.java:436)
	at java.base/java.net.Socket.<init>(Socket.java:213)
	at dslab.transfer.MessageDistributer.establishClientConnection(MessageDistributer.java:114)
	at dslab.transfer.MessageDistributer.sendFailureMail(MessageDistributer.java:159)
	at dslab.transfer.MessageDistributer.forward(MessageDistributer.java:85)
	at dslab.transfer.dmtp.DmtpCommunicationThread.lambda$new$0(DmtpCommunicationThread.java:25)
	at java.base/java.lang.Thread.run(Thread.java:834)
Dec 04, 2022 6:51:11 PM dslab.transfer.TransferServerProtocolTest setUp
INFO: Waiting for server socket to appear
Dec 04, 2022 6:51:11 PM dslab.transfer.TransferServer run
INFO: Server is up!
Dec 04, 2022 6:51:11 PM dslab.transfer.dmtp.DmtpRequestHandler parseSend
INFO: parseSend
Dec 04, 2022 6:51:11 PM dslab.mailbox.ClientCommunicator establishConnection
SEVERE: SocketException while handling socket: Socket closed
]]></system-err>
</testsuite>
