<?xml version="1.0" encoding="UTF-8"?>
<testsuite name="dslab.mailbox.MailboxServerProtocolTest" tests="4" skipped="0" failures="0" errors="0" timestamp="2022-12-04T17:50:48" hostname="Jonathans-MacBook-Air.local" time="13.533">
  <properties/>
  <testcase name="acceptDmtpMessage_listDmapMessage" classname="dslab.mailbox.MailboxServerProtocolTest" time="4.386"/>
  <testcase name="loginAndLogout_withValidLogin" classname="dslab.mailbox.MailboxServerProtocolTest" time="3.044"/>
  <testcase name="dmtpMessage_withUnknownRecipient_returnsError" classname="dslab.mailbox.MailboxServerProtocolTest" time="3.055"/>
  <testcase name="login_withInvalidLogin_returnsError" classname="dslab.mailbox.MailboxServerProtocolTest" time="3.03"/>
  <system-out><![CDATA[Exiting the shell, bye!
Exiting the shell, bye!
Exiting the shell, bye!
Exiting the shell, bye!
]]></system-out>
  <system-err><![CDATA[Dec 04, 2022 6:50:48 PM dslab.mailbox.MailboxServerProtocolTest setUp
INFO: Waiting for server sockets to appear
Dec 04, 2022 6:50:48 PM dslab.mailbox.MailboxServer run
INFO: Server is up!
Dec 04, 2022 6:50:48 PM dslab.mailbox.ClientCommunicator readLine
SEVERE: Connection reset
Dec 04, 2022 6:50:48 PM dslab.mailbox.ClientCommunicator readLine
SEVERE: Connection reset
Dec 04, 2022 6:50:48 PM dslab.mailbox.MessageStorage put
INFO: put:(user: trillian value: Email{from='arthur@earth.planet', to='trillian@earth.planet', subject='hello', data='hello from junit', domains='null'})
Dec 04, 2022 6:50:49 PM dslab.mailbox.ClientCommunicator establishConnection
SEVERE: SocketException while handling socket: Socket closed
Dec 04, 2022 6:50:49 PM dslab.mailbox.ClientCommunicator establishConnection
SEVERE: SocketException while handling socket: Socket closed
Dec 04, 2022 6:50:52 PM dslab.mailbox.MailboxServerProtocolTest setUp
INFO: Waiting for server sockets to appear
Dec 04, 2022 6:50:52 PM dslab.mailbox.MailboxServer run
INFO: Server is up!
Dec 04, 2022 6:50:52 PM dslab.mailbox.ClientCommunicator readLine
SEVERE: Connection reset
Dec 04, 2022 6:50:52 PM dslab.mailbox.ClientCommunicator establishConnection
SEVERE: SocketException while handling socket: Socket closed
Dec 04, 2022 6:50:52 PM dslab.mailbox.ClientCommunicator establishConnection
SEVERE: SocketException while handling socket: Socket closed
Dec 04, 2022 6:50:55 PM dslab.mailbox.MailboxServerProtocolTest setUp
INFO: Waiting for server sockets to appear
Dec 04, 2022 6:50:55 PM dslab.mailbox.MailboxServer run
INFO: Server is up!
Dec 04, 2022 6:50:55 PM dslab.mailbox.ClientCommunicator readLine
SEVERE: Connection reset
Dec 04, 2022 6:50:55 PM dslab.mailbox.ClientCommunicator readLine
SEVERE: Connection reset
Dec 04, 2022 6:50:55 PM dslab.mailbox.ClientCommunicator establishConnection
SEVERE: SocketException while handling socket: Socket closed
Dec 04, 2022 6:50:55 PM dslab.mailbox.ClientCommunicator establishConnection
SEVERE: SocketException while handling socket: Socket closed
Dec 04, 2022 6:50:58 PM dslab.mailbox.MailboxServerProtocolTest setUp
INFO: Waiting for server sockets to appear
Dec 04, 2022 6:50:58 PM dslab.mailbox.MailboxServer run
INFO: Server is up!
Dec 04, 2022 6:50:58 PM dslab.mailbox.ClientCommunicator readLine
SEVERE: Connection reset
Dec 04, 2022 6:50:58 PM dslab.mailbox.ClientCommunicator readLine
SEVERE: Connection reset
Dec 04, 2022 6:50:58 PM dslab.mailbox.ClientCommunicator establishConnection
SEVERE: SocketException while handling socket: Socket closed
Dec 04, 2022 6:50:58 PM dslab.mailbox.ClientCommunicator establishConnection
SEVERE: SocketException while handling socket: Socket closed
]]></system-err>
</testsuite>
