<?xml version="1.0" encoding="UTF-8"?>
<testsuite name="dslab.monitoring.MonitoringServerTest" tests="1" skipped="0" failures="0" errors="0" timestamp="2022-12-04T17:51:54" hostname="Jonathans-MacBook-Air.local" time="6.061">
  <properties/>
  <testcase name="runAndShutdownMonitoringServer_createsAndStopsUdpSocketCorrectly" classname="dslab.monitoring.MonitoringServerTest" time="6.061"/>
  <system-out><![CDATA[Exiting the shell, bye!
]]></system-out>
  <system-err><![CDATA[Dec 04, 2022 6:51:54 PM dslab.monitoring.MonitoringServerTest runAndShutdownMonitoringServer_createsAndStopsUdpSocketCorrectly
INFO: Starting thread with component dslab.monitoring.MonitoringServer@36985746
Dec 04, 2022 6:51:57 PM dslab.monitoring.MonitoringServerTest runAndShutdownMonitoringServer_createsAndStopsUdpSocketCorrectly
INFO: Trying to create socket on port 11328
Dec 04, 2022 6:51:57 PM dslab.monitoring.MonitoringServerTest runAndShutdownMonitoringServer_createsAndStopsUdpSocketCorrectly
INFO: Shutting down component dslab.monitoring.MonitoringServer@36985746
Dec 04, 2022 6:51:57 PM dslab.monitoring.udp.UdpListenerThread run
INFO: SocketException while waiting for/handling packets: Socket closed
Dec 04, 2022 6:52:00 PM dslab.monitoring.MonitoringServerTest runAndShutdownMonitoringServer_createsAndStopsUdpSocketCorrectly
INFO: Waiting for thread to stop for component dslab.monitoring.MonitoringServer@36985746
]]></system-err>
</testsuite>
