<?xml version="1.0" encoding="UTF-8"?>
<testsuite name="dslab.transfer.TransferServerTest" tests="1" skipped="0" failures="0" errors="0" timestamp="2022-12-04T17:51:14" hostname="Jonathans-MacBook-Air.local" time="3.041">
  <properties/>
  <testcase name="runAndShutdownTransferServer_createsAndStopsTcpSocketCorrectly" classname="dslab.transfer.TransferServerTest" time="3.041"/>
  <system-out><![CDATA[Exiting the shell, bye!
]]></system-out>
  <system-err><![CDATA[Dec 04, 2022 6:51:14 PM dslab.monitoring.MonitoringServerTest runAndShutdownTransferServer_createsAndStopsTcpSocketCorrectly
INFO: Starting thread with component dslab.transfer.TransferServer@98cebeb
Dec 04, 2022 6:51:14 PM dslab.monitoring.MonitoringServerTest runAndShutdownTransferServer_createsAndStopsTcpSocketCorrectly
INFO: Waiting for socket to open on port 11320
Dec 04, 2022 6:51:14 PM dslab.transfer.TransferServer run
INFO: Server is up!
Dec 04, 2022 6:51:14 PM dslab.monitoring.MonitoringServerTest runAndShutdownTransferServer_createsAndStopsTcpSocketCorrectly
INFO: Shutting down component dslab.transfer.TransferServer@98cebeb
Dec 04, 2022 6:51:14 PM dslab.mailbox.ClientCommunicator establishConnection
SEVERE: SocketException while handling socket: Socket closed
Dec 04, 2022 6:51:17 PM dslab.monitoring.MonitoringServerTest runAndShutdownTransferServer_createsAndStopsTcpSocketCorrectly
INFO: Waiting for thread to stop for component dslab.transfer.TransferServer@98cebeb
]]></system-err>
</testsuite>
