<?xml version="1.0" encoding="UTF-8"?>
<testsuite name="dslab.mailbox.MailboxServerTest" tests="1" skipped="0" failures="0" errors="0" timestamp="2022-12-04T17:51:01" hostname="Jonathans-MacBook-Air.local" time="3.074">
  <properties/>
  <testcase name="runAndShutdownTransferServer_createsAndStopsTcpSocketCorrectly" classname="dslab.mailbox.MailboxServerTest" time="3.074"/>
  <system-out><![CDATA[Exiting the shell, bye!
]]></system-out>
  <system-err><![CDATA[Dec 04, 2022 6:51:01 PM dslab.monitoring.MonitoringServerTest runAndShutdownTransferServer_createsAndStopsTcpSocketCorrectly
INFO: Starting thread with component dslab.mailbox.MailboxServer@3da101be
Dec 04, 2022 6:51:01 PM dslab.monitoring.MonitoringServerTest runAndShutdownTransferServer_createsAndStopsTcpSocketCorrectly
INFO: Waiting for DMTP socket to open on port 11322
Dec 04, 2022 6:51:01 PM dslab.mailbox.MailboxServer run
INFO: Server is up!
Dec 04, 2022 6:51:01 PM dslab.monitoring.MonitoringServerTest runAndShutdownTransferServer_createsAndStopsTcpSocketCorrectly
INFO: Waiting for DMAP socket to open on port 11323
Dec 04, 2022 6:51:01 PM dslab.monitoring.MonitoringServerTest runAndShutdownTransferServer_createsAndStopsTcpSocketCorrectly
INFO: Shutting down component dslab.mailbox.MailboxServer@3da101be
Dec 04, 2022 6:51:01 PM dslab.mailbox.ClientCommunicator establishConnection
SEVERE: SocketException while handling socket: Socket closed
Dec 04, 2022 6:51:01 PM dslab.mailbox.ClientCommunicator establishConnection
SEVERE: SocketException while handling socket: Socket closed
Dec 04, 2022 6:51:04 PM dslab.monitoring.MonitoringServerTest runAndShutdownTransferServer_createsAndStopsTcpSocketCorrectly
INFO: Waiting for thread to stop for component dslab.mailbox.MailboxServer@3da101be
]]></system-err>
</testsuite>
